<?xml version="1.0" encoding="UTF-8"?>
<!-- Generated by org.testng.reporters.JUnitReportReporter -->
<testsuite skipped="1" hostname="DESKTOP-94SQPTM" name="Tests.TestsRunner" tests="21" failures="0" timestamp="27 May 2019 04:55:10 GMT" time="176.288" errors="2">
  <testcase name="login" time="4.325" classname="Tests.TestsRunner"/>
  <testcase name="login" time="4.142" classname="Tests.TestsRunner"/>
  <testcase name="login" time="4.192" classname="Tests.TestsRunner"/>
  <testcase name="checkDraftFolder" time="1.520" classname="Tests.TestsRunner"/>
  <testcase name="verifyAndSendDraft" time="1.599" classname="Tests.TestsRunner"/>
  <testcase name="newLetterSavedInDraft" time="13.947" classname="Tests.TestsRunner"/>
  <testcase name="verifyAndSendDraft" time="1.467" classname="Tests.TestsRunner"/>
  <testcase name="checkSentLetterFolder" time="30.662" classname="Tests.TestsRunner">
    <error type="org.openqa.selenium.TimeoutException" message="Expected condition failed: waiting for text (&#039;AT-WD-№-13&#039;) to be present in element [[ChromeDriver: chrome on XP (9862c1c3f460d2efebe5193730424f90)] -&gt; xpath: //div[@class=&#039;mail-MessageSnippet-Content&#039;]] (tried for 30 second(s) with 60 milliseconds interval)
Build info: version: &#039;3.14.0&#039;, revision: &#039;aacccce0&#039;, time: &#039;2018-08-02T20:19:58.91Z&#039;
System info: host: &#039;DESKTOP-94SQPTM&#039;, ip: &#039;192.168.12.36&#039;, os.name: &#039;Windows 10&#039;, os.arch: &#039;amd64&#039;, os.version: &#039;10.0&#039;, java.version: &#039;1.8.0_181&#039;
Driver info: org.openqa.selenium.chrome.ChromeDriver
Capabilities {acceptInsecureCerts: false, acceptSslCerts: false, applicationCacheEnabled: false, browserConnectionEnabled: false, browserName: chrome, chrome: {chromedriverVersion: 2.46.628402 (536cd7adbad73a..., userDataDir: C:\Users\adaky\AppData\Loca...}, cssSelectorsEnabled: true, databaseEnabled: false, goog:chromeOptions: {debuggerAddress: localhost:50677}, handlesAlerts: true, hasTouchScreen: false, javascriptEnabled: true, locationContextEnabled: true, mobileEmulationEnabled: false, nativeEvents: true, networkConnectionEnabled: false, pageLoadStrategy: normal, platform: XP, platformName: XP, proxy: Proxy(), rotatable: false, setWindowRect: true, strictFileInteractability: false, takesHeapSnapshot: true, takesScreenshot: true, timeouts: {implicit: 0, pageLoad: 300000, script: 30000}, unexpectedAlertBehaviour: ignore, unhandledPromptBehavior: ignore, version: 74.0.3729.169, webStorageEnabled: true}
Session ID: 9862c1c3f460d2efebe5193730424f90">
      <![CDATA[org.openqa.selenium.TimeoutException: Expected condition failed: waiting for text ('AT-WD-№-13') to be present in element [[ChromeDriver: chrome on XP (9862c1c3f460d2efebe5193730424f90)] -> xpath: //div[@class='mail-MessageSnippet-Content']] (tried for 30 second(s) with 60 milliseconds interval)
Build info: version: '3.14.0', revision: 'aacccce0', time: '2018-08-02T20:19:58.91Z'
System info: host: 'DESKTOP-94SQPTM', ip: '192.168.12.36', os.name: 'Windows 10', os.arch: 'amd64', os.version: '10.0', java.version: '1.8.0_181'
Driver info: org.openqa.selenium.chrome.ChromeDriver
Capabilities {acceptInsecureCerts: false, acceptSslCerts: false, applicationCacheEnabled: false, browserConnectionEnabled: false, browserName: chrome, chrome: {chromedriverVersion: 2.46.628402 (536cd7adbad73a..., userDataDir: C:\Users\adaky\AppData\Loca...}, cssSelectorsEnabled: true, databaseEnabled: false, goog:chromeOptions: {debuggerAddress: localhost:50677}, handlesAlerts: true, hasTouchScreen: false, javascriptEnabled: true, locationContextEnabled: true, mobileEmulationEnabled: false, nativeEvents: true, networkConnectionEnabled: false, pageLoadStrategy: normal, platform: XP, platformName: XP, proxy: Proxy(), rotatable: false, setWindowRect: true, strictFileInteractability: false, takesHeapSnapshot: true, takesScreenshot: true, timeouts: {implicit: 0, pageLoad: 300000, script: 30000}, unexpectedAlertBehaviour: ignore, unhandledPromptBehavior: ignore, version: 74.0.3729.169, webStorageEnabled: true}
Session ID: 9862c1c3f460d2efebe5193730424f90
at org.openqa.selenium.support.ui.WebDriverWait.timeoutException(WebDriverWait.java:113)
at org.openqa.selenium.support.ui.FluentWait.until(FluentWait.java:283)
at services.SendDraftMail.checkFolders(SendDraftMail.java:45)
at Tests.TestsRunner.checkSentLetterFolder(TestsRunner.java:64)
at sun.reflect.NativeMethodAccessorImpl.invoke0(Native Method)
at sun.reflect.NativeMethodAccessorImpl.invoke(NativeMethodAccessorImpl.java:62)
at sun.reflect.DelegatingMethodAccessorImpl.invoke(DelegatingMethodAccessorImpl.java:43)
at java.lang.reflect.Method.invoke(Method.java:498)
at org.testng.internal.MethodInvocationHelper.invokeMethod(MethodInvocationHelper.java:124)
at org.testng.internal.Invoker.invokeMethod(Invoker.java:580)
at org.testng.internal.Invoker.invokeTestMethod(Invoker.java:716)
at org.testng.internal.Invoker.invokeTestMethods(Invoker.java:988)
at org.testng.internal.TestMethodWorker.invokeTestMethods(TestMethodWorker.java:125)
at org.testng.internal.TestMethodWorker.run(TestMethodWorker.java:109)
at org.testng.TestRunner.privateRun(TestRunner.java:648)
at org.testng.TestRunner.run(TestRunner.java:505)
at org.testng.SuiteRunner.runTest(SuiteRunner.java:455)
at org.testng.SuiteRunner.runSequentially(SuiteRunner.java:450)
at org.testng.SuiteRunner.privateRun(SuiteRunner.java:415)
at org.testng.SuiteRunner.run(SuiteRunner.java:364)
at org.testng.SuiteRunnerWorker.runSuite(SuiteRunnerWorker.java:52)
at org.testng.SuiteRunnerWorker.run(SuiteRunnerWorker.java:84)
at org.testng.TestNG.runSuitesSequentially(TestNG.java:1208)
at org.testng.TestNG.runSuitesSequentially(TestNG.java:1204)
at org.testng.TestNG.runSuitesLocally(TestNG.java:1137)
at org.testng.TestNG.runSuites(TestNG.java:1049)
at org.testng.TestNG.run(TestNG.java:1017)
at runners.SuiteRunner.main(SuiteRunner.java:30)
]]>
    </error>
  </testcase> <!-- checkSentLetterFolder -->
  <testcase name="verifyAndSendDraft" time="1.915" classname="Tests.TestsRunner"/>
  <testcase name="checkDraftFolder" time="1.548" classname="Tests.TestsRunner"/>
  <testcase name="newLetterSavedInDraft" time="16.133" classname="Tests.TestsRunner"/>
  <testcase name="login" time="4.278" classname="Tests.TestsRunner"/>
  <testcase name="newLetterSavedInDraft" time="14.003" classname="Tests.TestsRunner"/>
  <testcase name="verifyAndSendDraft" time="1.803" classname="Tests.TestsRunner"/>
  <testcase name="newLetterSavedInDraft" time="15.273" classname="Tests.TestsRunner"/>
  <testcase name="login" time="6.156" classname="Tests.TestsRunner"/>
  <testcase name="newLetterSavedInDraft" time="15.074" classname="Tests.TestsRunner"/>
  <testcase name="checkSentLetterFolder" time="30.558" classname="Tests.TestsRunner">
    <error type="org.openqa.selenium.TimeoutException" message="Expected condition failed: waiting for text (&#039;AT-WD-№-13&#039;) to be present in element [[ChromeDriver: chrome on XP (c0a7b1b0d6aeb61d99d197c177ed89a5)] -&gt; xpath: //div[@class=&#039;mail-MessageSnippet-Content&#039;]] (tried for 30 second(s) with 60 milliseconds interval)
Build info: version: &#039;3.14.0&#039;, revision: &#039;aacccce0&#039;, time: &#039;2018-08-02T20:19:58.91Z&#039;
System info: host: &#039;DESKTOP-94SQPTM&#039;, ip: &#039;192.168.12.36&#039;, os.name: &#039;Windows 10&#039;, os.arch: &#039;amd64&#039;, os.version: &#039;10.0&#039;, java.version: &#039;1.8.0_181&#039;
Driver info: org.openqa.selenium.chrome.ChromeDriver
Capabilities {acceptInsecureCerts: false, acceptSslCerts: false, applicationCacheEnabled: false, browserConnectionEnabled: false, browserName: chrome, chrome: {chromedriverVersion: 2.46.628402 (536cd7adbad73a..., userDataDir: C:\Users\adaky\AppData\Loca...}, cssSelectorsEnabled: true, databaseEnabled: false, goog:chromeOptions: {debuggerAddress: localhost:50756}, handlesAlerts: true, hasTouchScreen: false, javascriptEnabled: true, locationContextEnabled: true, mobileEmulationEnabled: false, nativeEvents: true, networkConnectionEnabled: false, pageLoadStrategy: normal, platform: XP, platformName: XP, proxy: Proxy(), rotatable: false, setWindowRect: true, strictFileInteractability: false, takesHeapSnapshot: true, takesScreenshot: true, timeouts: {implicit: 0, pageLoad: 300000, script: 30000}, unexpectedAlertBehaviour: ignore, unhandledPromptBehavior: ignore, version: 74.0.3729.169, webStorageEnabled: true}
Session ID: c0a7b1b0d6aeb61d99d197c177ed89a5">
      <![CDATA[org.openqa.selenium.TimeoutException: Expected condition failed: waiting for text ('AT-WD-№-13') to be present in element [[ChromeDriver: chrome on XP (c0a7b1b0d6aeb61d99d197c177ed89a5)] -> xpath: //div[@class='mail-MessageSnippet-Content']] (tried for 30 second(s) with 60 milliseconds interval)
Build info: version: '3.14.0', revision: 'aacccce0', time: '2018-08-02T20:19:58.91Z'
System info: host: 'DESKTOP-94SQPTM', ip: '192.168.12.36', os.name: 'Windows 10', os.arch: 'amd64', os.version: '10.0', java.version: '1.8.0_181'
Driver info: org.openqa.selenium.chrome.ChromeDriver
Capabilities {acceptInsecureCerts: false, acceptSslCerts: false, applicationCacheEnabled: false, browserConnectionEnabled: false, browserName: chrome, chrome: {chromedriverVersion: 2.46.628402 (536cd7adbad73a..., userDataDir: C:\Users\adaky\AppData\Loca...}, cssSelectorsEnabled: true, databaseEnabled: false, goog:chromeOptions: {debuggerAddress: localhost:50756}, handlesAlerts: true, hasTouchScreen: false, javascriptEnabled: true, locationContextEnabled: true, mobileEmulationEnabled: false, nativeEvents: true, networkConnectionEnabled: false, pageLoadStrategy: normal, platform: XP, platformName: XP, proxy: Proxy(), rotatable: false, setWindowRect: true, strictFileInteractability: false, takesHeapSnapshot: true, takesScreenshot: true, timeouts: {implicit: 0, pageLoad: 300000, script: 30000}, unexpectedAlertBehaviour: ignore, unhandledPromptBehavior: ignore, version: 74.0.3729.169, webStorageEnabled: true}
Session ID: c0a7b1b0d6aeb61d99d197c177ed89a5
at org.openqa.selenium.support.ui.WebDriverWait.timeoutException(WebDriverWait.java:113)
at org.openqa.selenium.support.ui.FluentWait.until(FluentWait.java:283)
at services.SendDraftMail.checkFolders(SendDraftMail.java:45)
at Tests.TestsRunner.checkSentLetterFolder(TestsRunner.java:64)
at sun.reflect.NativeMethodAccessorImpl.invoke0(Native Method)
at sun.reflect.NativeMethodAccessorImpl.invoke(NativeMethodAccessorImpl.java:62)
at sun.reflect.DelegatingMethodAccessorImpl.invoke(DelegatingMethodAccessorImpl.java:43)
at java.lang.reflect.Method.invoke(Method.java:498)
at org.testng.internal.MethodInvocationHelper.invokeMethod(MethodInvocationHelper.java:124)
at org.testng.internal.Invoker.invokeMethod(Invoker.java:580)
at org.testng.internal.Invoker.invokeTestMethod(Invoker.java:716)
at org.testng.internal.Invoker.invokeTestMethods(Invoker.java:988)
at org.testng.internal.TestMethodWorker.invokeTestMethods(TestMethodWorker.java:125)
at org.testng.internal.TestMethodWorker.run(TestMethodWorker.java:109)
at org.testng.TestRunner.privateRun(TestRunner.java:648)
at org.testng.TestRunner.run(TestRunner.java:505)
at org.testng.SuiteRunner.runTest(SuiteRunner.java:455)
at org.testng.SuiteRunner.runSequentially(SuiteRunner.java:450)
at org.testng.SuiteRunner.privateRun(SuiteRunner.java:415)
at org.testng.SuiteRunner.run(SuiteRunner.java:364)
at org.testng.SuiteRunnerWorker.runSuite(SuiteRunnerWorker.java:52)
at org.testng.SuiteRunnerWorker.run(SuiteRunnerWorker.java:84)
at org.testng.TestNG.runSuitesSequentially(TestNG.java:1208)
at org.testng.TestNG.runSuitesSequentially(TestNG.java:1204)
at org.testng.TestNG.runSuitesLocally(TestNG.java:1137)
at org.testng.TestNG.runSuites(TestNG.java:1049)
at org.testng.TestNG.run(TestNG.java:1017)
at runners.SuiteRunner.main(SuiteRunner.java:30)
]]>
    </error>
  </testcase> <!-- checkSentLetterFolder -->
  <testcase name="logingOut" time="0.000" classname="Tests.TestsRunner">
    <skipped/>
  </testcase> <!-- logingOut -->
  <testcase name="checkDraftFolder" time="3.071" classname="Tests.TestsRunner"/>
  <testcase name="login" time="4.622" classname="Tests.TestsRunner"/>
</testsuite> <!-- Tests.TestsRunner -->
